<?xml version="1.0" encoding="UTF-8"?>
<!-- Generated by org.testng.reporters.JUnitReportReporter -->
<testsuite skipped="0" hostname="User-PC" name="com.onedayscriptsTPersonalCare.SortByNameEyeCareProduct" tests="1" failures="0" timestamp="31 Aug 2020 17:06:22 GMT" time="28.687" errors="0">
  <testcase name="BestValueBodycareTest" time="28.687" classname="com.onedayscriptsTPersonalCare.SortByNameEyeCareProduct"/>
</testsuite> <!-- com.onedayscriptsTPersonalCare.SortByNameEyeCareProduct -->
