<?xml version="1.0" encoding="UTF-8"?>
<!-- Generated by org.testng.reporters.JUnitReportReporter -->
<testsuite skipped="0" hostname="User-PC" name="com.onedayscripts.filterBrandArtMaterial" tests="1" failures="0" timestamp="30 Aug 2020 07:33:58 GMT" time="15.925" errors="0">
  <testcase name="brandArtMaterialTest" time="15.925" classname="com.onedayscripts.filterBrandArtMaterial"/>
</testsuite> <!-- com.onedayscripts.filterBrandArtMaterial -->
