<?xml version="1.0" encoding="UTF-8"?>
<!-- Generated by org.testng.reporters.JUnitReportReporter -->
<testsuite skipped="0" hostname="User-PC" name="com.onedayscriptsTPersonalCare.SortByPriceBodyCareProduct" tests="1" failures="0" timestamp="31 Aug 2020 17:08:50 GMT" time="30.363" errors="0">
  <testcase name="BestValueBodycareTest" time="30.363" classname="com.onedayscriptsTPersonalCare.SortByPriceBodyCareProduct"/>
</testsuite> <!-- com.onedayscriptsTPersonalCare.SortByPriceBodyCareProduct -->
