<?xml version="1.0" encoding="UTF-8"?>
<!-- Generated by org.testng.reporters.JUnitReportReporter -->
<testsuite skipped="0" hostname="User-PC" name="com.onedayscripts.filterPriceOfficeNeeds" tests="1" failures="0" timestamp="30 Aug 2020 07:33:58 GMT" time="17.615" errors="0">
  <testcase name="priceOfficeNeedsTest" time="17.615" classname="com.onedayscripts.filterPriceOfficeNeeds"/>
</testsuite> <!-- com.onedayscripts.filterPriceOfficeNeeds -->
