<?xml version="1.0" encoding="UTF-8"?>
<!-- Generated by org.testng.reporters.JUnitReportReporter -->
<testsuite skipped="0" hostname="User-PC" name="com.onedayscriptsStationery.ShareWishlist" tests="1" failures="0" timestamp="30 Aug 2020 08:16:31 GMT" time="32.575" errors="0">
  <testcase name="shareWishlisttTest" time="32.575" classname="com.onedayscriptsStationery.ShareWishlist"/>
</testsuite> <!-- com.onedayscriptsStationery.ShareWishlist -->
