<?xml version="1.0" encoding="UTF-8"?>
<!-- Generated by org.testng.reporters.JUnitReportReporter -->
<testsuite skipped="0" hostname="User-PC" name="com.onedayscripts.ShareWishlist" tests="1" failures="0" timestamp="30 Aug 2020 08:13:25 GMT" time="33.307" errors="0">
  <testcase name="shareWishlisttTest" time="33.307" classname="com.onedayscripts.ShareWishlist"/>
</testsuite> <!-- com.onedayscripts.ShareWishlist -->
