<?xml version="1.0" encoding="UTF-8"?>
<!-- Generated by org.testng.reporters.JUnitReportReporter -->
<testsuite skipped="0" hostname="User-PC" name="com.onedayscriptsStationery.addProductToWishlist" tests="1" failures="0" timestamp="31 Aug 2020 16:18:17 GMT" time="32.397" errors="0">
  <testcase name="productCartTest" time="32.397" classname="com.onedayscriptsStationery.addProductToWishlist"/>
</testsuite> <!-- com.onedayscriptsStationery.addProductToWishlist -->
