<?xml version="1.0" encoding="UTF-8"?>
<!-- Generated by org.testng.reporters.JUnitReportReporter -->
<testsuite skipped="0" hostname="User-PC" name="com.onedayscripts.filterPriceArtMaterial" tests="1" failures="0" timestamp="30 Aug 2020 07:33:58 GMT" time="16.720" errors="0">
  <testcase name="priceStationeryTest" time="16.720" classname="com.onedayscripts.filterPriceArtMaterial"/>
</testsuite> <!-- com.onedayscripts.filterPriceArtMaterial -->
