<?xml version="1.0" encoding="UTF-8"?>
<!-- Generated by org.testng.reporters.JUnitReportReporter -->
<testsuite skipped="0" hostname="User-PC" name="com.OneDayCart.AppTest" tests="1" failures="0" timestamp="27 Aug 2020 09:20:22 GMT" time="14.018" errors="0">
  <testcase name="demoTest" time="14.018" classname="com.OneDayCart.AppTest"/>
</testsuite> <!-- com.OneDayCart.AppTest -->
