<?xml version="1.0" encoding="UTF-8"?>
<!-- Generated by org.testng.reporters.JUnitReportReporter -->
<testsuite skipped="0" hostname="User-PC" name="com.onedayscripts.sortByPriceStationeryProduct" tests="1" failures="0" timestamp="30 Aug 2020 07:33:58 GMT" time="18.025" errors="0">
  <testcase name="brandStationeryTest" time="18.025" classname="com.onedayscripts.sortByPriceStationeryProduct"/>
</testsuite> <!-- com.onedayscripts.sortByPriceStationeryProduct -->
