<?xml version="1.0" encoding="UTF-8"?>
<!-- Generated by org.testng.reporters.JUnitReportReporter -->
<testsuite skipped="0" hostname="User-PC" name="com.onedayscriptsTPersonalCare.addPersonalCareProductToCart" tests="1" failures="0" timestamp="31 Aug 2020 16:25:55 GMT" time="31.517" errors="0">
  <testcase name="productCartTest" time="31.517" classname="com.onedayscriptsTPersonalCare.addPersonalCareProductToCart"/>
</testsuite> <!-- com.onedayscriptsTPersonalCare.addPersonalCareProductToCart -->
