<?xml version="1.0" encoding="UTF-8"?>
<!-- Generated by org.testng.reporters.JUnitReportReporter -->
<testsuite skipped="0" hostname="User-PC" name="com.onedayscriptsStationery.ProductToCheckout" tests="1" failures="0" timestamp="31 Aug 2020 14:53:06 GMT" time="24.733" errors="0">
  <testcase name="productCartTest" time="24.733" classname="com.onedayscriptsStationery.ProductToCheckout"/>
</testsuite> <!-- com.onedayscriptsStationery.ProductToCheckout -->
