<?xml version="1.0" encoding="UTF-8"?>
<!-- Generated by org.testng.reporters.JUnitReportReporter -->
<testsuite skipped="0" hostname="User-PC" name="com.onedayscripts.artMaterialProductCart" tests="1" failures="0" timestamp="30 Aug 2020 07:33:57 GMT" time="26.107" errors="0">
  <testcase name="productCartTest" time="26.107" classname="com.onedayscripts.artMaterialProductCart"/>
</testsuite> <!-- com.onedayscripts.artMaterialProductCart -->
