<?xml version="1.0" encoding="UTF-8"?>
<!-- Generated by org.testng.reporters.JUnitReportReporter -->
<testsuite skipped="0" hostname="User-PC" name="com.onedayscripts.UpdateWishlist" tests="1" failures="0" timestamp="30 Aug 2020 07:33:58 GMT" time="30.877" errors="0">
  <testcase name="updateWishlisttTest" time="30.877" classname="com.onedayscripts.UpdateWishlist"/>
</testsuite> <!-- com.onedayscripts.UpdateWishlist -->
