<?xml version="1.0" encoding="UTF-8"?>
<!-- Generated by org.testng.reporters.JUnitReportReporter -->
<testsuite skipped="0" hostname="User-PC" name="com.onedayscripts.sortByPriceArtMaterialProduct" tests="1" failures="0" timestamp="30 Aug 2020 07:33:58 GMT" time="19.404" errors="0">
  <testcase name="brandStationeryTest" time="19.404" classname="com.onedayscripts.sortByPriceArtMaterialProduct"/>
</testsuite> <!-- com.onedayscripts.sortByPriceArtMaterialProduct -->
