<?xml version="1.0" encoding="UTF-8"?>
<!-- Generated by org.testng.reporters.JUnitReportReporter -->
<testsuite skipped="0" hostname="User-PC" name="com.onedayscriptsTPersonalCare.filterBrandBodyCare" tests="1" failures="0" timestamp="31 Aug 2020 16:33:25 GMT" time="15.860" errors="0">
  <testcase name="brandBodycareTest" time="15.860" classname="com.onedayscriptsTPersonalCare.filterBrandBodyCare"/>
</testsuite> <!-- com.onedayscriptsTPersonalCare.filterBrandBodyCare -->
