<?xml version="1.0" encoding="UTF-8"?>
<!-- Generated by org.testng.reporters.JUnitReportReporter -->
<testsuite skipped="0" hostname="User-PC" name="com.onedayscriptsTPersonalCare.SortByBestValueEyeCareProduct" tests="1" failures="0" timestamp="31 Aug 2020 17:01:47 GMT" time="23.638" errors="0">
  <testcase name="BestValueBodycareTest" time="23.638" classname="com.onedayscriptsTPersonalCare.SortByBestValueEyeCareProduct"/>
</testsuite> <!-- com.onedayscriptsTPersonalCare.SortByBestValueEyeCareProduct -->
