<?xml version="1.0" encoding="UTF-8"?>
<!-- Generated by org.testng.reporters.JUnitReportReporter -->
<testsuite skipped="0" hostname="User-PC" name="com.onedayscriptsTPersonalCare.filterPriceEyeCare" tests="1" failures="0" timestamp="31 Aug 2020 16:53:30 GMT" time="27.922" errors="0">
  <testcase name="priceBodyTest" time="27.922" classname="com.onedayscriptsTPersonalCare.filterPriceEyeCare"/>
</testsuite> <!-- com.onedayscriptsTPersonalCare.filterPriceEyeCare -->
