<?xml version="1.0" encoding="UTF-8"?>
<!-- Generated by org.testng.reporters.JUnitReportReporter -->
<testsuite skipped="0" hostname="User-PC" name="com.onedayscriptsTPersonalCare.filterBrandEyeCare" tests="1" failures="0" timestamp="31 Aug 2020 16:35:43 GMT" time="17.680" errors="0">
  <testcase name="brandBodycareTest" time="17.680" classname="com.onedayscriptsTPersonalCare.filterBrandEyeCare"/>
</testsuite> <!-- com.onedayscriptsTPersonalCare.filterBrandEyeCare -->
