<?xml version="1.0" encoding="UTF-8"?>
<!-- Generated by org.testng.reporters.JUnitReportReporter -->
<testsuite skipped="0" hostname="User-PC" name="com.onedayscripts.filterBrandStationery" tests="1" failures="0" timestamp="30 Aug 2020 07:33:58 GMT" time="15.219" errors="0">
  <testcase name="brandStationeryTest" time="15.219" classname="com.onedayscripts.filterBrandStationery"/>
</testsuite> <!-- com.onedayscripts.filterBrandStationery -->
