<?xml version="1.0" encoding="UTF-8"?>
<!-- Generated by org.testng.reporters.JUnitReportReporter -->
<testsuite skipped="0" hostname="User-PC" name="com.onedayscriptsTPersonalCare.addEyeCareProductTOCart" tests="1" failures="0" timestamp="31 Aug 2020 16:42:55 GMT" time="38.948" errors="0">
  <testcase name="productCartTest" time="38.948" classname="com.onedayscriptsTPersonalCare.addEyeCareProductTOCart"/>
</testsuite> <!-- com.onedayscriptsTPersonalCare.addEyeCareProductTOCart -->
