<?xml version="1.0" encoding="UTF-8"?>
<!-- Generated by org.testng.reporters.JUnitReportReporter -->
<testsuite skipped="0" hostname="User-PC" name="com.onedayscripts.filterBrandOfficeNeeds" tests="1" failures="0" timestamp="30 Aug 2020 07:33:58 GMT" time="14.228" errors="0">
  <testcase name="brandOfficeNeedsTest" time="14.228" classname="com.onedayscripts.filterBrandOfficeNeeds"/>
</testsuite> <!-- com.onedayscripts.filterBrandOfficeNeeds -->
