<?xml version="1.0" encoding="UTF-8"?>
<!-- Generated by org.testng.reporters.JUnitReportReporter -->
<testsuite hostname="DESKTOP-1I84TR0" name="com.OneDayCart.AppTest" tests="1" failures="0" timestamp="19 Aug 2020 14:46:06 GMT" time="13.126" errors="0">
  <testcase name="demo" time="13.126" classname="com.OneDayCart.AppTest"/>
</testsuite> <!-- com.OneDayCart.AppTest -->
