<?xml version="1.0" encoding="UTF-8"?>
<!-- Generated by org.testng.reporters.JUnitReportReporter -->
<testsuite skipped="0" hostname="User-PC" name="com.onedayscripts.addProductToWishlist" tests="1" failures="0" timestamp="30 Aug 2020 07:33:58 GMT" time="25.653" errors="0">
  <testcase name="productCartTest" time="25.653" classname="com.onedayscripts.addProductToWishlist"/>
</testsuite> <!-- com.onedayscripts.addProductToWishlist -->
