<?xml version="1.0" encoding="UTF-8"?>
<!-- Generated by org.testng.reporters.JUnitReportReporter -->
<testsuite skipped="0" hostname="User-PC" name="com.onedayscriptsTPersonalCare.SortByPriceEyeCareProduct" tests="1" failures="0" timestamp="31 Aug 2020 17:11:16 GMT" time="29.530" errors="0">
  <testcase name="BestValueBodycareTest" time="29.530" classname="com.onedayscriptsTPersonalCare.SortByPriceEyeCareProduct"/>
</testsuite> <!-- com.onedayscriptsTPersonalCare.SortByPriceEyeCareProduct -->
