<?xml version="1.0" encoding="UTF-8"?>
<!-- Generated by org.testng.reporters.JUnitReportReporter -->
<testsuite skipped="0" hostname="User-PC" name="com.onedayscriptsTPersonalCare.filterPriceBodyCare" tests="1" failures="0" timestamp="31 Aug 2020 16:50:23 GMT" time="30.360" errors="0">
  <testcase name="priceStationeryTest" time="30.360" classname="com.onedayscriptsTPersonalCare.filterPriceBodyCare"/>
</testsuite> <!-- com.onedayscriptsTPersonalCare.filterPriceBodyCare -->
