<?xml version="1.0" encoding="UTF-8"?>
<!-- Generated by org.testng.reporters.JUnitReportReporter -->
<testsuite skipped="0" hostname="User-PC" name="com.onedayscriptsTPersonalCare.SortByBestValueBodyCareProduct" tests="1" failures="0" timestamp="31 Aug 2020 16:59:45 GMT" time="27.009" errors="0">
  <testcase name="BestValueBodycareTest" time="27.009" classname="com.onedayscriptsTPersonalCare.SortByBestValueBodyCareProduct"/>
</testsuite> <!-- com.onedayscriptsTPersonalCare.SortByBestValueBodyCareProduct -->
