<?xml version="1.0" encoding="UTF-8"?>
<!-- Generated by org.testng.reporters.JUnitReportReporter -->
<testsuite skipped="0" hostname="User-PC" name="com.onedayscriptsTPersonalCare.UpdateWishlistOfPersonalCareProduct" tests="1" failures="0" timestamp="31 Aug 2020 17:22:25 GMT" time="46.943" errors="0">
  <testcase name="productCartTest" time="46.943" classname="com.onedayscriptsTPersonalCare.UpdateWishlistOfPersonalCareProduct"/>
</testsuite> <!-- com.onedayscriptsTPersonalCare.UpdateWishlistOfPersonalCareProduct -->
