<?xml version="1.0" encoding="UTF-8"?>
<!-- Generated by org.testng.reporters.JUnitReportReporter -->
<testsuite skipped="0" hostname="User-PC" name="com.onedayscriptsTPersonalCare.SortByNameBodyCareProduct" tests="1" failures="0" timestamp="31 Aug 2020 17:04:19 GMT" time="34.783" errors="0">
  <testcase name="BestValueBodycareTest" time="34.783" classname="com.onedayscriptsTPersonalCare.SortByNameBodyCareProduct"/>
</testsuite> <!-- com.onedayscriptsTPersonalCare.SortByNameBodyCareProduct -->
